[0m22:55:32.208781 [debug] [MainThread]: Sending event: {'category': 'dbt', 'action': 'invocation', 'label': 'start', 'context': [<snowplow_tracker.self_describing_json.SelfDescribingJson object at 0x00000274BBD200D0>, <snowplow_tracker.self_describing_json.SelfDescribingJson object at 0x00000274BFC6FFD0>, <snowplow_tracker.self_describing_json.SelfDescribingJson object at 0x00000274BFFD5BD0>]}


============================== 22:55:32.224431 | 3336a75c-5c53-45e6-a3ea-b2e31d40b307 ==============================
[0m22:55:32.224431 [info ] [MainThread]: Running with dbt=1.10.2
[0m22:55:32.224431 [debug] [MainThread]: running dbt with arguments {'printer_width': '80', 'indirect_selection': 'eager', 'log_cache_events': 'False', 'write_json': 'True', 'partial_parse': 'True', 'cache_selected_only': 'False', 'profiles_dir': 'C:\\Users\\david\\.dbt', 'fail_fast': 'False', 'warn_error': 'None', 'log_path': 'logs', 'debug': 'False', 'version_check': 'True', 'use_colors': 'True', 'use_experimental_parser': 'False', 'empty': 'None', 'quiet': 'False', 'no_print': 'None', 'warn_error_options': 'WarnErrorOptionsV2(error=[], warn=[], silence=[])', 'static_parser': 'True', 'invocation_command': 'dbt init dbt_pipeline', 'introspect': 'True', 'target_path': 'None', 'log_format': 'default', 'send_anonymous_usage_stats': 'True'}
[0m22:55:32.415284 [info ] [MainThread]: Creating dbt configuration folder at C:\Users\david\.dbt
[0m22:55:32.441854 [debug] [MainThread]: Starter project path: C:\Users\david\AppData\Local\Packages\PythonSoftwareFoundation.Python.3.11_qbz5n2kfra8p0\LocalCache\local-packages\Python311\site-packages\dbt\include\starter_project
[0m22:55:32.529510 [info ] [MainThread]: 
Your new dbt project "dbt_pipeline" was created!

For more information on how to configure the profiles.yml file,
please consult the dbt documentation here:

  https://docs.getdbt.com/docs/configure-your-profile

One more thing:

Need help? Don't hesitate to reach out to us via GitHub issues or on Slack:

  https://community.getdbt.com/

Happy modeling!

[0m22:55:32.530510 [info ] [MainThread]: Setting up your profile.
[0m23:00:46.629150 [info ] [MainThread]: Profile dbt_pipeline written to C:\Users\david\.dbt\profiles.yml using target's profile_template.yml and your supplied values. Run 'dbt debug' to validate the connection.
[0m23:00:46.635526 [debug] [MainThread]: Command `dbt init` succeeded at 23:00:46.635180 after 314.54 seconds
[0m23:00:46.636089 [debug] [MainThread]: Sending event: {'category': 'dbt', 'action': 'invocation', 'label': 'end', 'context': [<snowplow_tracker.self_describing_json.SelfDescribingJson object at 0x00000274C1056D90>, <snowplow_tracker.self_describing_json.SelfDescribingJson object at 0x00000274C1056290>, <snowplow_tracker.self_describing_json.SelfDescribingJson object at 0x00000274BAE7AB50>]}
[0m23:00:46.637145 [debug] [MainThread]: Flushing usage events
[0m23:00:47.088633 [debug] [MainThread]: An error was encountered while trying to flush usage events
